<?xml version="1.0" encoding="UTF-8"?>
<robot generator="Robot 3.2.2 (Python 3.7.4 on darwin)" generated="20201227 17:57:50.076" rpa="false">
<suite id="s1" name="Datadriverlogin" source="/pythonFile/WebDriverDemo/case1226/datadriverlogin.robot">
<kw name="打开Chrome浏览器最大化并且导航到首页" library="longinpage" type="setup">
<kw name="Open Browser" library="SeleniumLibrary">
<doc>Opens a new browser instance to the optional ``url``.</doc>
<arguments>
<arg>url=${HomePage_url}</arg>
<arg>browser=chrome</arg>
<arg>executable_path=./driver/chromedriver</arg>
</arguments>
<msg timestamp="20201227 17:57:50.435" level="INFO">Opening browser 'chrome' to base url 'http://49.233.108.117:3000/'.</msg>
<status status="PASS" starttime="20201227 17:57:50.433" endtime="20201227 17:58:02.731"></status>
</kw>
<kw name="Set Selenium Implicit Wait" library="SeleniumLibrary">
<doc>Sets the implicit wait value used by Selenium.</doc>
<arguments>
<arg>10s</arg>
</arguments>
<status status="PASS" starttime="20201227 17:58:02.731" endtime="20201227 17:58:02.736"></status>
</kw>
<kw name="Maximize Browser Window" library="SeleniumLibrary">
<doc>Maximizes current browser window.</doc>
<status status="PASS" starttime="20201227 17:58:02.737" endtime="20201227 17:58:02.914"></status>
</kw>
<status status="PASS" starttime="20201227 17:57:50.432" endtime="20201227 17:58:02.915"></status>
</kw>
<test id="s1-t1" name="测试用户错误用户名或密码登录失败">
<kw name="首页点击登录跳转到登录页面" library="longinpage" type="setup">
<kw name="Click Element" library="SeleniumLibrary">
<doc>Click the element identified by ``locator``.</doc>
<arguments>
<arg>xpath://ul[@class="nav pull-right"]/li[last()]/a</arg>
</arguments>
<msg timestamp="20201227 17:58:02.919" level="INFO">Clicking element 'xpath://ul[@class="nav pull-right"]/li[last()]/a'.</msg>
<status status="PASS" starttime="20201227 17:58:02.919" endtime="20201227 17:58:03.726"></status>
</kw>
<status status="PASS" starttime="20201227 17:58:02.919" endtime="20201227 17:58:03.726"></status>
</kw>
<kw name="用户输入不同的登录数据登录失败">
<arguments>
<arg>helloword</arg>
<arg>123456</arg>
<arg>用户名或密码错误</arg>
</arguments>
<kw name="输入用户名和密码点击点击登录" library="longinpage">
<arguments>
<arg>${username}</arg>
<arg>${username}</arg>
</arguments>
<kw name="Input Text" library="SeleniumLibrary">
<doc>Types the given ``text`` into the text field identified by ``locator``.</doc>
<arguments>
<arg>xpath://*[@id="name"]</arg>
<arg>${username}</arg>
</arguments>
<msg timestamp="20201227 17:58:03.728" level="INFO">Typing text 'helloword' into text field 'xpath://*[@id="name"]'.</msg>
<status status="PASS" starttime="20201227 17:58:03.728" endtime="20201227 17:58:04.071"></status>
</kw>
<kw name="Input Text" library="SeleniumLibrary">
<doc>Types the given ``text`` into the text field identified by ``locator``.</doc>
<arguments>
<arg>xpath://*[@id="pass"]</arg>
<arg>${passwd}</arg>
</arguments>
<msg timestamp="20201227 17:58:04.072" level="INFO">Typing text 'helloword' into text field 'xpath://*[@id="pass"]'.</msg>
<status status="PASS" starttime="20201227 17:58:04.071" endtime="20201227 17:58:04.230"></status>
</kw>
<kw name="Click Element" library="SeleniumLibrary">
<doc>Click the element identified by ``locator``.</doc>
<arguments>
<arg>xpath://*[@type="submit"]</arg>
</arguments>
<msg timestamp="20201227 17:58:04.230" level="INFO">Clicking element 'xpath://*[@type="submit"]'.</msg>
<status status="PASS" starttime="20201227 17:58:04.230" endtime="20201227 17:58:04.836"></status>
</kw>
<status status="PASS" starttime="20201227 17:58:03.727" endtime="20201227 17:58:04.836"></status>
</kw>
<kw name="用户登录失败提示的错误信息" library="longinpage">
<arguments>
<arg>${erro_message}</arg>
</arguments>
<kw name="Element Text Should Be" library="SeleniumLibrary">
<doc>Verifies that element ``locator`` contains exact the text ``expected``.</doc>
<arguments>
<arg>xpath://div[@class="alert alert-error"]/strong</arg>
<arg>${erro_meesage}</arg>
</arguments>
<msg timestamp="20201227 17:58:04.839" level="INFO">Verifying element 'xpath://div[@class="alert alert-error"]/strong' contains exact text '用户名或密码错误'.</msg>
<status status="PASS" starttime="20201227 17:58:04.839" endtime="20201227 17:58:04.912"></status>
</kw>
<status status="PASS" starttime="20201227 17:58:04.837" endtime="20201227 17:58:04.912"></status>
</kw>
<status status="PASS" starttime="20201227 17:58:03.726" endtime="20201227 17:58:04.912"></status>
</kw>
<kw name="清除浏览器cookie并导航到首页" library="longinpage" type="teardown">
<kw name="Set Screenshot Directory" library="SeleniumLibrary">
<doc>Sets the directory for captured screenshots.</doc>
<arguments>
<arg>./screenshots</arg>
</arguments>
<status status="PASS" starttime="20201227 17:58:04.913" endtime="20201227 17:58:04.914"></status>
</kw>
<kw name="Capture Page Screenshot" library="SeleniumLibrary">
<doc>Takes a screenshot of the current page and embeds it into a log file.</doc>
<msg timestamp="20201227 17:58:05.718" level="INFO" html="yes">&lt;/td&gt;&lt;/tr&gt;&lt;tr&gt;&lt;td colspan="3"&gt;&lt;a href="../../screenshots/selenium-screenshot-5.png"&gt;&lt;img src="../../screenshots/selenium-screenshot-5.png" width="800px"&gt;&lt;/a&gt;</msg>
<status status="PASS" starttime="20201227 17:58:04.914" endtime="20201227 17:58:05.718"></status>
</kw>
<kw name="Delete All Cookies" library="SeleniumLibrary">
<doc>Deletes all cookies.</doc>
<status status="PASS" starttime="20201227 17:58:05.718" endtime="20201227 17:58:05.728"></status>
</kw>
<kw name="Go To" library="SeleniumLibrary">
<doc>Navigates the current browser window to the provided ``url``.</doc>
<arguments>
<arg>${HomePage_url}</arg>
</arguments>
<msg timestamp="20201227 17:58:05.729" level="INFO">Opening url 'http://49.233.108.117:3000/'</msg>
<status status="PASS" starttime="20201227 17:58:05.728" endtime="20201227 17:58:08.831"></status>
</kw>
<status status="PASS" starttime="20201227 17:58:04.913" endtime="20201227 17:58:08.832"></status>
</kw>
<status status="PASS" starttime="20201227 17:58:02.915" endtime="20201227 17:58:08.832" critical="yes"></status>
</test>
<test id="s1-t2" name="测试用户登录输入空的用户名或密码登录失败">
<kw name="首页点击登录跳转到登录页面" library="longinpage" type="setup">
<kw name="Click Element" library="SeleniumLibrary">
<doc>Click the element identified by ``locator``.</doc>
<arguments>
<arg>xpath://ul[@class="nav pull-right"]/li[last()]/a</arg>
</arguments>
<msg timestamp="20201227 17:58:08.839" level="INFO">Clicking element 'xpath://ul[@class="nav pull-right"]/li[last()]/a'.</msg>
<status status="PASS" starttime="20201227 17:58:08.839" endtime="20201227 17:58:09.299"></status>
</kw>
<status status="PASS" starttime="20201227 17:58:08.837" endtime="20201227 17:58:09.300"></status>
</kw>
<kw name="用户输入不同的登录数据登录失败">
<arguments>
<arg>${EMPTY}</arg>
<arg>${EMPTY}</arg>
<arg>信息不完整。</arg>
</arguments>
<kw name="输入用户名和密码点击点击登录" library="longinpage">
<arguments>
<arg>${username}</arg>
<arg>${username}</arg>
</arguments>
<kw name="Input Text" library="SeleniumLibrary">
<doc>Types the given ``text`` into the text field identified by ``locator``.</doc>
<arguments>
<arg>xpath://*[@id="name"]</arg>
<arg>${username}</arg>
</arguments>
<msg timestamp="20201227 17:58:09.306" level="INFO">Typing text '' into text field 'xpath://*[@id="name"]'.</msg>
<status status="PASS" starttime="20201227 17:58:09.305" endtime="20201227 17:58:09.548"></status>
</kw>
<kw name="Input Text" library="SeleniumLibrary">
<doc>Types the given ``text`` into the text field identified by ``locator``.</doc>
<arguments>
<arg>xpath://*[@id="pass"]</arg>
<arg>${passwd}</arg>
</arguments>
<msg timestamp="20201227 17:58:09.549" level="INFO">Typing text '' into text field 'xpath://*[@id="pass"]'.</msg>
<status status="PASS" starttime="20201227 17:58:09.548" endtime="20201227 17:58:09.713"></status>
</kw>
<kw name="Click Element" library="SeleniumLibrary">
<doc>Click the element identified by ``locator``.</doc>
<arguments>
<arg>xpath://*[@type="submit"]</arg>
</arguments>
<msg timestamp="20201227 17:58:09.714" level="INFO">Clicking element 'xpath://*[@type="submit"]'.</msg>
<status status="PASS" starttime="20201227 17:58:09.714" endtime="20201227 17:58:10.363"></status>
</kw>
<status status="PASS" starttime="20201227 17:58:09.303" endtime="20201227 17:58:10.364"></status>
</kw>
<kw name="用户登录失败提示的错误信息" library="longinpage">
<arguments>
<arg>${erro_message}</arg>
</arguments>
<kw name="Element Text Should Be" library="SeleniumLibrary">
<doc>Verifies that element ``locator`` contains exact the text ``expected``.</doc>
<arguments>
<arg>xpath://div[@class="alert alert-error"]/strong</arg>
<arg>${erro_meesage}</arg>
</arguments>
<msg timestamp="20201227 17:58:10.367" level="INFO">Verifying element 'xpath://div[@class="alert alert-error"]/strong' contains exact text '信息不完整。'.</msg>
<status status="PASS" starttime="20201227 17:58:10.365" endtime="20201227 17:58:10.423"></status>
</kw>
<status status="PASS" starttime="20201227 17:58:10.364" endtime="20201227 17:58:10.424"></status>
</kw>
<status status="PASS" starttime="20201227 17:58:09.300" endtime="20201227 17:58:10.424"></status>
</kw>
<kw name="清除浏览器cookie并导航到首页" library="longinpage" type="teardown">
<kw name="Set Screenshot Directory" library="SeleniumLibrary">
<doc>Sets the directory for captured screenshots.</doc>
<arguments>
<arg>./screenshots</arg>
</arguments>
<status status="PASS" starttime="20201227 17:58:10.426" endtime="20201227 17:58:10.427"></status>
</kw>
<kw name="Capture Page Screenshot" library="SeleniumLibrary">
<doc>Takes a screenshot of the current page and embeds it into a log file.</doc>
<msg timestamp="20201227 17:58:11.006" level="INFO" html="yes">&lt;/td&gt;&lt;/tr&gt;&lt;tr&gt;&lt;td colspan="3"&gt;&lt;a href="../../screenshots/selenium-screenshot-6.png"&gt;&lt;img src="../../screenshots/selenium-screenshot-6.png" width="800px"&gt;&lt;/a&gt;</msg>
<status status="PASS" starttime="20201227 17:58:10.428" endtime="20201227 17:58:11.006"></status>
</kw>
<kw name="Delete All Cookies" library="SeleniumLibrary">
<doc>Deletes all cookies.</doc>
<status status="PASS" starttime="20201227 17:58:11.006" endtime="20201227 17:58:11.022"></status>
</kw>
<kw name="Go To" library="SeleniumLibrary">
<doc>Navigates the current browser window to the provided ``url``.</doc>
<arguments>
<arg>${HomePage_url}</arg>
</arguments>
<msg timestamp="20201227 17:58:11.022" level="INFO">Opening url 'http://49.233.108.117:3000/'</msg>
<status status="PASS" starttime="20201227 17:58:11.022" endtime="20201227 17:58:14.004"></status>
</kw>
<status status="PASS" starttime="20201227 17:58:10.425" endtime="20201227 17:58:14.004"></status>
</kw>
<status status="PASS" starttime="20201227 17:58:08.834" endtime="20201227 17:58:14.004" critical="yes"></status>
</test>
<kw name="关闭所有浏览器" library="longinpage" type="teardown">
<kw name="Close All Browsers" library="SeleniumLibrary">
<doc>Closes all open browsers and resets the browser cache.</doc>
<status status="PASS" starttime="20201227 17:58:14.007" endtime="20201227 17:58:14.221"></status>
</kw>
<status status="PASS" starttime="20201227 17:58:14.006" endtime="20201227 17:58:14.221"></status>
</kw>
<doc>测试用户登录</doc>
<status status="PASS" starttime="20201227 17:57:50.078" endtime="20201227 17:58:14.221"></status>
</suite>
<statistics>
<total>
<stat pass="2" fail="0">Critical Tests</stat>
<stat pass="2" fail="0">All Tests</stat>
</total>
<tag>
</tag>
<suite>
<stat pass="2" fail="0" id="s1" name="Datadriverlogin">Datadriverlogin</stat>
</suite>
</statistics>
<errors>
</errors>
</robot>
